<?xml version="1.0" encoding="UTF-8"?>
<testsuite name="SaleTest" tests="7" skipped="0" failures="0" errors="0" timestamp="2024-07-10T21:12:20" hostname="Vincents-MacBook-Pro-2.local" time="0.036">
  <properties/>
  <testcase name="testCalculateCommission()" classname="SaleTest" time="0.017"/>
  <testcase name="testSetNegotiable()" classname="SaleTest" time="0.001"/>
  <testcase name="testToString()" classname="SaleTest" time="0.006"/>
  <testcase name="testCreateSale()" classname="SaleTest" time="0.001"/>
  <testcase name="testHashCode()" classname="SaleTest" time="0.002"/>
  <testcase name="testEquals()" classname="SaleTest" time="0.0"/>
  <testcase name="testSetAskingPrice()" classname="SaleTest" time="0.003"/>
  <system-out><![CDATA[]]></system-out>
  <system-err><![CDATA[]]></system-err>
</testsuite>
